<?xml version="1.0" encoding="UTF-8"?>
<testng-results ignored="0" total="1" passed="1" failed="0" skipped="0">
  <reporter-output>
  </reporter-output>
  <suite started-at="2025-04-27T01:42:02 BDT" name="Default suite" finished-at="2025-04-27T01:42:03 BDT" duration-ms="1526">
    <groups>
    </groups>
    <test started-at="2025-04-27T01:42:02 BDT" name="Default test" finished-at="2025-04-27T01:42:03 BDT" duration-ms="1526">
      <class name="APITESTS.TestonLocalAPI">
        <test-method signature="Delete()[pri:0, instance:APITESTS.TestonLocalAPI@1b7cc17c]" started-at="2025-04-27T01:42:02 BDT" name="Delete" finished-at="2025-04-27T01:42:03 BDT" duration-ms="1484" status="PASS">
          <reporter-output>
          </reporter-output>
        </test-method> <!-- Delete -->
      </class> <!-- APITESTS.TestonLocalAPI -->
    </test> <!-- Default test -->
  </suite> <!-- Default suite -->
</testng-results>
