<?xml version="1.0" encoding="UTF-8"?>
<testng-results ignored="0" total="1" passed="1" failed="0" skipped="0">
  <reporter-output>
  </reporter-output>
  <suite started-at="2025-04-24T00:22:39 BDT" name="Default suite" finished-at="2025-04-24T00:22:41 BDT" duration-ms="1920">
    <groups>
    </groups>
    <test started-at="2025-04-24T00:22:39 BDT" name="Default test" finished-at="2025-04-24T00:22:41 BDT" duration-ms="1920">
      <class name="APITESTS.TestsExample">
        <test-method signature="test_1()[pri:0, instance:APITESTS.TestsExample@c8c12ac]" started-at="2025-04-24T00:22:39 BDT" name="test_1" finished-at="2025-04-24T00:22:41 BDT" duration-ms="1876" status="PASS">
          <reporter-output>
          </reporter-output>
        </test-method> <!-- test_1 -->
      </class> <!-- APITESTS.TestsExample -->
    </test> <!-- Default test -->
  </suite> <!-- Default suite -->
</testng-results>
